;  LST file generated by mikroListExporter - v.2.0 
; Date/Time: 5/26/2024 7:26:27 PM
;----------------------------------------------

;Address Opcode 	ASM
0x0000	0x282C      	GOTO       44
_ADCInit:
;emb.c,85 :: 		void ADCInit(void){
;emb.c,86 :: 		ADCON1 = 0x8E;
0x0003	0x308E      	MOVLW      142
0x0004	0x1683      	BSF        STATUS, 5
0x0005	0x1303      	BCF        STATUS, 6
0x0006	0x009F      	MOVWF      ADCON1
;emb.c,87 :: 		ADCON0 = 0x81;
0x0007	0x3081      	MOVLW      129
0x0008	0x1283      	BCF        STATUS, 5
0x0009	0x009F      	MOVWF      ADCON0
;emb.c,88 :: 		}
L_end_ADCInit:
0x000A	0x0008      	RETURN
; end of _ADCInit
_ADC_read0:
;emb.c,90 :: 		unsigned int ADC_read0(void){
;emb.c,91 :: 		ADCON0 = ADCON0 | 0x04;
0x000B	0x1283      	BCF        STATUS, 5
0x000C	0x1303      	BCF        STATUS, 6
0x000D	0x151F      	BSF        ADCON0, 2
;emb.c,92 :: 		while((ADCON0 & 0x04));
L_ADC_read016:
0x000E	0x1D1F      	BTFSS      ADCON0, 2
0x000F	0x2811      	GOTO       L_ADC_read017
0x0010	0x280E      	GOTO       L_ADC_read016
L_ADC_read017:
;emb.c,93 :: 		return ((ADRESH<<8)|(ADRESL));
0x0011	0x081E      	MOVF       ADRESH, 0
0x0012	0x00F1      	MOVWF      R0+1
0x0013	0x01F0      	CLRF       R0
0x0014	0x1683      	BSF        STATUS, 5
0x0015	0x081E      	MOVF       ADRESL, 0
0x0016	0x04F0      	IORWF      R0, 1
0x0017	0x3000      	MOVLW      0
0x0018	0x04F1      	IORWF      R0+1, 1
;emb.c,94 :: 		}
L_end_ADC_read0:
0x0019	0x0008      	RETURN
; end of _ADC_read0
_servoinit:
;emb.c,68 :: 		void servoinit(void){
;emb.c,70 :: 		TRISC = TRISC & 0b11111011;
0x001A	0x30FB      	MOVLW      251
0x001B	0x1683      	BSF        STATUS, 5
0x001C	0x1303      	BCF        STATUS, 6
0x001D	0x0587      	ANDWF      TRISC, 1
;emb.c,72 :: 		CCP1CON = 0x0C;
0x001E	0x300C      	MOVLW      12
0x001F	0x1283      	BCF        STATUS, 5
0x0020	0x0097      	MOVWF      CCP1CON
;emb.c,74 :: 		T2CON = 0x03;
0x0021	0x3003      	MOVLW      3
0x0022	0x0092      	MOVWF      T2CON
;emb.c,75 :: 		PR2 = 249;
0x0023	0x30F9      	MOVLW      249
0x0024	0x1683      	BSF        STATUS, 5
0x0025	0x0092      	MOVWF      PR2
;emb.c,77 :: 		TMR2 = 0;
0x0026	0x1283      	BCF        STATUS, 5
0x0027	0x0191      	CLRF       TMR2
;emb.c,79 :: 		PIR1 = PIR1 & 0b11111101;
0x0028	0x30FD      	MOVLW      253
0x0029	0x058C      	ANDWF      PIR1, 1
;emb.c,82 :: 		T2CON=T2CON | 0b00000100;
0x002A	0x1512      	BSF        T2CON, 2
;emb.c,83 :: 		}
L_end_servoinit:
0x002B	0x0008      	RETURN
; end of _servoinit
_main:
;emb.c,5 :: 		void main(){
;emb.c,6 :: 		unsigned int s=0;
0x002C	0x1283      	BCF        STATUS, 5
0x002D	0x1303      	BCF        STATUS, 6
0x002E	0x01A2      	CLRF       main_s_L0
0x002F	0x01A3      	CLRF       main_s_L0+1
0x0030	0x01A4      	CLRF       main_tick_L0
0x0031	0x01A5      	CLRF       main_tick_L0+1
;emb.c,8 :: 		TRISC=0b00000010;
0x0032	0x3002      	MOVLW      2
0x0033	0x1683      	BSF        STATUS, 5
0x0034	0x0087      	MOVWF      TRISC
;emb.c,9 :: 		TRISB=0B00000010;
0x0035	0x3002      	MOVLW      2
0x0036	0x0086      	MOVWF      TRISB
;emb.c,10 :: 		TRISD=0x00;
0x0037	0x0188      	CLRF       TRISD
;emb.c,11 :: 		portb=0x00;
0x0038	0x1283      	BCF        STATUS, 5
0x0039	0x0186      	CLRF       PORTB
;emb.c,12 :: 		portd = 0x00;
0x003A	0x0188      	CLRF       PORTD
;emb.c,13 :: 		ADCInit();
0x003B	0x2003      	CALL       _ADCInit
;emb.c,14 :: 		servoinit();
0x003C	0x201A      	CALL       _servoinit
;emb.c,16 :: 		while(1) {
L_main0:
;emb.c,19 :: 		if(!(portc & 0b00000010)){
0x003D	0x1887      	BTFSC      PORTC, 1
0x003E	0x28AD      	GOTO       L_main2
;emb.c,21 :: 		s = ADC_read0();
0x003F	0x200B      	CALL       _ADC_read0
0x0040	0x0870      	MOVF       R0, 0
0x0041	0x1283      	BCF        STATUS, 5
0x0042	0x00A2      	MOVWF      main_s_L0
0x0043	0x0871      	MOVF       R0+1, 0
0x0044	0x00A3      	MOVWF      main_s_L0+1
;emb.c,22 :: 		delay_ms(200);
0x0045	0x3003      	MOVLW      3
0x0046	0x00FB      	MOVWF      R11
0x0047	0x3008      	MOVLW      8
0x0048	0x00FC      	MOVWF      R12
0x0049	0x3077      	MOVLW      119
0x004A	0x00FD      	MOVWF      R13
L_main3:
0x004B	0x0BFD      	DECFSZ     R13, 1
0x004C	0x284B      	GOTO       L_main3
0x004D	0x0BFC      	DECFSZ     R12, 1
0x004E	0x284B      	GOTO       L_main3
0x004F	0x0BFB      	DECFSZ     R11, 1
0x0050	0x284B      	GOTO       L_main3
;emb.c,23 :: 		if(s>640){
0x0051	0x0823      	MOVF       main_s_L0+1, 0
0x0052	0x3C02      	SUBLW      2
0x0053	0x1D03      	BTFSS      STATUS, 2
0x0054	0x2857      	GOTO       L__main19
0x0055	0x0822      	MOVF       main_s_L0, 0
0x0056	0x3C80      	SUBLW      128
L__main19:
0x0057	0x1803      	BTFSC      STATUS, 0
0x0058	0x28AB      	GOTO       L_main4
;emb.c,24 :: 		delay_ms(500);
0x0059	0x3006      	MOVLW      6
0x005A	0x00FB      	MOVWF      R11
0x005B	0x3013      	MOVLW      19
0x005C	0x00FC      	MOVWF      R12
0x005D	0x30AD      	MOVLW      173
0x005E	0x00FD      	MOVWF      R13
L_main5:
0x005F	0x0BFD      	DECFSZ     R13, 1
0x0060	0x285F      	GOTO       L_main5
0x0061	0x0BFC      	DECFSZ     R12, 1
0x0062	0x285F      	GOTO       L_main5
0x0063	0x0BFB      	DECFSZ     R11, 1
0x0064	0x285F      	GOTO       L_main5
0x0065	0x0000      	NOP
0x0066	0x0000      	NOP
;emb.c,26 :: 		tick=1;
0x0067	0x3001      	MOVLW      1
0x0068	0x00A4      	MOVWF      main_tick_L0
0x0069	0x3000      	MOVLW      0
0x006A	0x00A5      	MOVWF      main_tick_L0+1
;emb.c,27 :: 		while(tick){
L_main6:
0x006B	0x0824      	MOVF       main_tick_L0, 0
0x006C	0x0425      	IORWF      main_tick_L0+1, 0
0x006D	0x1903      	BTFSC      STATUS, 2
0x006E	0x28AA      	GOTO       L_main7
;emb.c,28 :: 		PORTD=0XFF;
0x006F	0x30FF      	MOVLW      255
0x0070	0x0088      	MOVWF      PORTD
;emb.c,30 :: 		if(portb == 0b00000010){     //rb1
0x0071	0x0806      	MOVF       PORTB, 0
0x0072	0x3A02      	XORLW      2
0x0073	0x1D03      	BTFSS      STATUS, 2
0x0074	0x2899      	GOTO       L_main8
;emb.c,31 :: 		tick=0;
0x0075	0x01A4      	CLRF       main_tick_L0
0x0076	0x01A5      	CLRF       main_tick_L0+1
;emb.c,32 :: 		PORTD=0x00;
0x0077	0x0188      	CLRF       PORTD
;emb.c,34 :: 		CCPR1L = 62;
0x0078	0x303E      	MOVLW      62
0x0079	0x0095      	MOVWF      CCPR1L
;emb.c,35 :: 		CCP1CON&=0xCF ;
0x007A	0x30CF      	MOVLW      207
0x007B	0x0597      	ANDWF      CCP1CON, 1
;emb.c,36 :: 		Delay_ms(10000);
0x007C	0x3066      	MOVLW      102
0x007D	0x00FB      	MOVWF      R11
0x007E	0x3076      	MOVLW      118
0x007F	0x00FC      	MOVWF      R12
0x0080	0x30C1      	MOVLW      193
0x0081	0x00FD      	MOVWF      R13
L_main9:
0x0082	0x0BFD      	DECFSZ     R13, 1
0x0083	0x2882      	GOTO       L_main9
0x0084	0x0BFC      	DECFSZ     R12, 1
0x0085	0x2882      	GOTO       L_main9
0x0086	0x0BFB      	DECFSZ     R11, 1
0x0087	0x2882      	GOTO       L_main9
;emb.c,39 :: 		CCPR1L = 220;
0x0088	0x30DC      	MOVLW      220
0x0089	0x0095      	MOVWF      CCPR1L
;emb.c,40 :: 		CCP1CON&=0xCF ;
0x008A	0x30CF      	MOVLW      207
0x008B	0x0597      	ANDWF      CCP1CON, 1
;emb.c,41 :: 		Delay_ms(10000);
0x008C	0x3066      	MOVLW      102
0x008D	0x00FB      	MOVWF      R11
0x008E	0x3076      	MOVLW      118
0x008F	0x00FC      	MOVWF      R12
0x0090	0x30C1      	MOVLW      193
0x0091	0x00FD      	MOVWF      R13
L_main10:
0x0092	0x0BFD      	DECFSZ     R13, 1
0x0093	0x2892      	GOTO       L_main10
0x0094	0x0BFC      	DECFSZ     R12, 1
0x0095	0x2892      	GOTO       L_main10
0x0096	0x0BFB      	DECFSZ     R11, 1
0x0097	0x2892      	GOTO       L_main10
;emb.c,44 :: 		}else{
0x0098	0x289D      	GOTO       L_main11
L_main8:
;emb.c,45 :: 		tick=1;
0x0099	0x3001      	MOVLW      1
0x009A	0x00A4      	MOVWF      main_tick_L0
0x009B	0x3000      	MOVLW      0
0x009C	0x00A5      	MOVWF      main_tick_L0+1
;emb.c,46 :: 		}
L_main11:
;emb.c,48 :: 		delay_ms(200);
0x009D	0x3003      	MOVLW      3
0x009E	0x00FB      	MOVWF      R11
0x009F	0x3008      	MOVLW      8
0x00A0	0x00FC      	MOVWF      R12
0x00A1	0x3077      	MOVLW      119
0x00A2	0x00FD      	MOVWF      R13
L_main12:
0x00A3	0x0BFD      	DECFSZ     R13, 1
0x00A4	0x28A3      	GOTO       L_main12
0x00A5	0x0BFC      	DECFSZ     R12, 1
0x00A6	0x28A3      	GOTO       L_main12
0x00A7	0x0BFB      	DECFSZ     R11, 1
0x00A8	0x28A3      	GOTO       L_main12
;emb.c,49 :: 		}
0x00A9	0x286B      	GOTO       L_main6
L_main7:
;emb.c,51 :: 		}
0x00AA	0x28AC      	GOTO       L_main13
L_main4:
;emb.c,53 :: 		portd = 0x00;
0x00AB	0x0188      	CLRF       PORTD
;emb.c,54 :: 		}
L_main13:
;emb.c,56 :: 		}
0x00AC	0x28AE      	GOTO       L_main14
L_main2:
;emb.c,60 :: 		portd = 0x00;
0x00AD	0x0188      	CLRF       PORTD
;emb.c,61 :: 		}
L_main14:
;emb.c,63 :: 		delay_ms(500);
0x00AE	0x3006      	MOVLW      6
0x00AF	0x00FB      	MOVWF      R11
0x00B0	0x3013      	MOVLW      19
0x00B1	0x00FC      	MOVWF      R12
0x00B2	0x30AD      	MOVLW      173
0x00B3	0x00FD      	MOVWF      R13
L_main15:
0x00B4	0x0BFD      	DECFSZ     R13, 1
0x00B5	0x28B4      	GOTO       L_main15
0x00B6	0x0BFC      	DECFSZ     R12, 1
0x00B7	0x28B4      	GOTO       L_main15
0x00B8	0x0BFB      	DECFSZ     R11, 1
0x00B9	0x28B4      	GOTO       L_main15
0x00BA	0x0000      	NOP
0x00BB	0x0000      	NOP
;emb.c,65 :: 		}
0x00BC	0x283D      	GOTO       L_main0
;emb.c,66 :: 		}
L_end_main:
0x00BD	0x28BD      	GOTO       $+0
; end of _main
Symbol List:
//** Routines locations **
//ADDRESS    SIZE    PROCEDURE
//----------------------------------------------
0x0003       [8]    _ADCInit
0x000B      [15]    _ADC_read0
0x001A      [18]    _servoinit
0x002C     [146]    _main
//** Variables locations ** 
//ADDRESS    SIZE    VARIABLE
//----------------------------------------------
0x0000       [1]    INDF
0x0003       [1]    STATUS
0x0004       [1]    FSR
0x0006       [1]    PORTB
0x0007       [1]    PORTC
0x0008       [1]    PORTD
0x000A       [1]    PCLATH
0x000C       [1]    PIR1
0x0011       [1]    TMR2
0x0012       [1]    T2CON
0x0015       [1]    CCPR1L
0x0017       [1]    CCP1CON
0x001E       [1]    ADRESH
0x001F       [1]    ADCON0
0x0020       [2]    ___DoICPAddr
0x0022       [2]    main_s_L0
0x0024       [2]    main_tick_L0
0x0070       [1]    R0
0x0071       [1]    R1
0x0072       [1]    R2
0x0073       [1]    R3
0x0074       [1]    R4
0x0075       [1]    R5
0x0076       [1]    R6
0x0077       [1]    R7
0x0078       [1]    R8
0x0079       [1]    R9
0x007A       [1]    R10
0x007B       [1]    R11
0x007C       [1]    R12
0x007D       [1]    R13
0x007E       [1]    R14
0x007F       [1]    R15
0x0086       [1]    TRISB
0x0087       [1]    TRISC
0x0088       [1]    TRISD
0x0092       [1]    PR2
0x009E       [1]    ADRESL
0x009F       [1]    ADCON1
